FAIL
2684
FAIL
3791
0 0
1953
0 0
0 0
OK
1143
1086
OK
FAIL
FAIL
0 0
0 0
FAIL
FAIL
5466
0 0
FAIL
FAIL
FAIL
FAIL
FAIL
FAIL
0 0
987
3379
0 0
FAIL
FAIL
2 -182742240
0 0
FAIL
367
0 0
FAIL
4099
0 0
FAIL
FAIL
1238
FAIL
3 -17649294
FAIL
0 0
0 0
2494
FAIL
3331
FAIL
0 0
0 0
0 0
FAIL
FAIL
FAIL
1917
635
3754
3 -17649294
0 0
7 152091171
2615
0 0
FAIL
FAIL
2685
FAIL
2536
0 0
FAIL
2823
FAIL
893
0 0
FAIL
FAIL
0 0
0 0
FAIL
FAIL
FAIL
FAIL
FAIL
FAIL
2915
0 0
3394
0 0
FAIL
FAIL
FAIL
FAIL
890
2050
2932
FAIL
FAIL
FAIL
FAIL
FAIL
3 -17649294
0 0
FAIL
FAIL
8670
FAIL
0 0
3 -17649294
FAIL
FAIL
3 -17649294
FAIL
2910
275
0 0
FAIL
3 -334479131
0 0
FAIL
0 0
1129
FAIL
FAIL
3590
3412
3608
FAIL
5891
3734
0 0
FAIL
823
FAIL
3544
39
FAIL
FAIL
3552
926
2267
FAIL
OK
FAIL
3 -334479131
OK
FAIL
OK
FAIL
FAIL
OK
FAIL
FAIL
FAIL
3 -334479131
FAIL
FAIL
2836
1318
FAIL
1974
0 0
OK
FAIL
711
1463
0 0
4021
FAIL
FAIL
2815
FAIL
0 0
FAIL
2989
7 152091171
1694
FAIL
4141
3 -81917292
FAIL
OK
FAIL
4899
0 0
FAIL
FAIL
7 152091171
FAIL
FAIL
4188
948
FAIL
FAIL
FAIL
2 -53930242
OK
0 0
OK
FAIL
1965
3698
0 0
FAIL
FAIL
448 -473586276
OK
FAIL
FAIL
FAIL
0 0
3190
FAIL
FAIL
FAIL
FAIL
6 -89607954
FAIL
370
0 0
FAIL
FAIL
2 -53930242
FAIL
0 0
FAIL
3 -334479131
FAIL
FAIL
FAIL
2127
0 0
1798
OK
0 0
FAIL
FAIL
FAIL
FAIL
OK
OK
6 -685235050
3955
0 0
FAIL
3530
1962
FAIL
FAIL
448 -473586276
FAIL
385
FAIL
4156
OK
FAIL
0 0
FAIL
FAIL
FAIL
0 0
1870
FAIL
4988
3469
0 0
FAIL
FAIL
FAIL
0 0
0 0
FAIL
FAIL
OK
1 -325538757
499
FAIL
1321
448 -473586276
FAIL
FAIL
345
3198
0 0
FAIL
2153
448 -473586276
1093
FAIL
FAIL
OK
842
2223
3 -81917292
3168
3683
OK
FAIL
FAIL
FAIL
FAIL
450
2128
448 -473586276
-1
4483
FAIL
OK
OK
FAIL
2191
0 0
6822
0 0
3 -81917292
3531
FAIL
FAIL
OK
FAIL
0 0
0 0
FAIL
FAIL
2236
FAIL
448 -473586276
OK
120
3434
FAIL
448 -473586276
3780
5 -499051349
3269
FAIL
4322
1 -504938352
2956
2208
FAIL
OK
FAIL
1340
3503
448 -473586276
FAIL
0 0
OK
FAIL
FAIL
3150
OK
0 0
FAIL
448 -473586276
FAIL
OK
2991
2051
FAIL
399
FAIL
0 0
OK
3 -334479131
0 0
0 0
3 -81917292
FAIL
FAIL
3 205161054
0 0
1292
FAIL
FAIL
FAIL
FAIL
3591
FAIL
FAIL
0 0
2182
0 0
FAIL
0 0
OK
3651
0 0
FAIL
FAIL
OK
3702
OK
0 0
OK
3200
2 -53930242
OK
2475
OK
1490
FAIL
FAIL
2 245069667
FAIL
FAIL
FAIL
1367
0 0
FAIL
1797
3 -433621749
OK
FAIL
3345
FAIL
FAIL
4941
3 -81917292
3487
FAIL
4105
OK
FAIL
OK
FAIL
OK
FAIL
1577
2116
7 152091171
7066
1753
FAIL
OK
2 -296752016
OK
OK
OK
FAIL
FAIL
0 0
FAIL
FAIL
OK
FAIL
2965
2 -698857408
FAIL
OK
FAIL
FAIL
0 0
1816
3821
FAIL
FAIL
972
FAIL
FAIL
939
FAIL
2 -698857408
3545
OK
3192
FAIL
6308
2 -296752016
1595
3 -91114954
FAIL
OK
448 -473586276
1523
OK
FAIL
FAIL
FAIL
448 -473586276
FAIL
0 0
1903
FAIL
OK
OK
FAIL
OK
1244
FAIL
18
857
400
OK
FAIL
0 0
3 69752748
FAIL
2 -129575167
1557
FAIL
FAIL
448 -473586276
3058
64
FAIL
0 0
FAIL
0 0
3 -81917292
448 -473586276
FAIL
FAIL
FAIL
1058
448 -473586276
1372
FAIL
0 0
OK
0 0
2891
951
FAIL
0 0
448 -473586276
1 -504938352
0 0
0 0
0 0
FAIL
448 -473586276
FAIL
OK
1458
0 0
FAIL
0 0
FAIL
0 0
3596
1549
FAIL
0 0
6008
FAIL
1798
OK
0 0
OK
3902
FAIL
3878
0 0
0 0
FAIL
0 0
0 0
0 0
0 0
0 0
2358
FAIL
4706
OK
9 162430097
2004
685
0 0
0 0
OK
FAIL
OK
FAIL
FAIL
0 0
0 0
1612
3197
877
1905
0 0
1843
OK
FAIL
2 -129575167
FAIL
FAIL
FAIL
OK
709
2314
490
FAIL
0 0
3814
0 0
448 -473586276
FAIL
FAIL
FAIL
1 -504938352
FAIL
1668
FAIL
1 147960613
FAIL
3241
3671
0 0
3082
FAIL
FAIL
OK
342
OK
OK
3081
OK
0 0
FAIL
3122
FAIL
FAIL
1 147960613
FAIL
FAIL
FAIL
1088
0 0
OK
0 0
4352
FAIL
448 -473586276
0 0
3978
FAIL
FAIL
FAIL
1538
FAIL
FAIL
OK
OK
0 0
FAIL
3212
3557
2 208690870
0 0
FAIL
FAIL
3107
2950
0 0
OK
OK
OK
0 0
FAIL
3 69752748
2789
3673
FAIL
FAIL
0 0
FAIL
FAIL
FAIL
2350
448 -473586276
1509
3092
FAIL
FAIL
-1
1723
1 147960613
OK
3 73781804
448 -473586276
FAIL
3 69752748
0 0
3343
448 -473586276
0 0
FAIL
785
FAIL
8 -86691618
FAIL
OK
FAIL
2431
OK
2482
OK
FAIL
OK
OK
FAIL
0 0
FAIL
FAIL
1140
OK
FAIL
3765
3540
FAIL
FAIL
FAIL
0 0
3754
FAIL
FAIL
OK
FAIL
OK
1861
4990
FAIL
FAIL
2853
FAIL
OK
448 -473586276
FAIL
FAIL
920
1 46338816
FAIL
OK
FAIL
FAIL
3 211679881
FAIL
FAIL
3234
FAIL
2739
FAIL
448 -473586276
OK
FAIL
OK
3302
OK
0 0
1 -504938352
FAIL
15 294553477
3 -81917292
3295
0 0
FAIL
OK
FAIL
0 0
3 -81917292
0 0
FAIL
FAIL
FAIL
9397
FAIL
448 -473586276
OK
0 0
0 0
FAIL
FAIL
2865
FAIL
2768
1048
FAIL
3629
0 0
3311
2 828279634
FAIL
2 -92965374
FAIL
FAIL
FAIL
138
0 0
448 -473586276
OK
FAIL
FAIL
FAIL
OK
FAIL
FAIL
FAIL
0 0
OK
FAIL
FAIL
0 0
941 88442156
FAIL
0 0
0 0
0 0
FAIL
0 0
0 0
FAIL
FAIL
7 130695870
-1
FAIL
FAIL
FAIL
2129
0 0
3346
3762
3310
1561
OK
3893
3 69752748
OK
FAIL
FAIL
FAIL
FAIL
FAIL
1384
FAIL
3332
FAIL
FAIL
FAIL
0 0
2928
448 -473586276
FAIL
0 0
FAIL
FAIL
3783
FAIL
3052
FAIL
FAIL
6479
0 0
1399
8 571460963
FAIL
OK
2205
FAIL
FAIL
0 0
2119
187
FAIL
2989
9 -93286928
3 486450798
4772
FAIL
3 486450798
963
FAIL
0 0
0 0
3210
OK
FAIL
0 0
2517
6894
FAIL
FAIL
FAIL
FAIL
OK
1 53295195
FAIL
2683
FAIL
OK
10 592793255
448 -473586276
0 0
FAIL
FAIL
FAIL
FAIL
0 0
403
0 0
3441
FAIL
FAIL
OK
OK
FAIL
FAIL
3134
FAIL
FAIL
3 486450798
0 0
FAIL
3146
OK
FAIL
1015
FAIL
0 0
0 0
OK
1111
OK
OK
FAIL
9744
1241
0 0
FAIL
FAIL
998
OK
0 0
448 -473586276
53
448 -473586276
FAIL
0 0
OK
FAIL
FAIL
9550
-1
0 0
0 0
1624
3 486450798
FAIL
2 -838543718
OK
1840
FAIL
OK
OK
0 0
3916
FAIL
1643
2 351290656
2812
2293
FAIL
448 -473586276
FAIL
FAIL
OK
OK
0 0
2019
0 0
3 486450798
0 0
422
2672
2 277229518
OK
2943
FAIL
FAIL
0 0
245
2 277229518
3858
FAIL
113
0 0
3186
FAIL
5823
FAIL
OK
FAIL
FAIL
FAIL
1610
2662
FAIL
837
FAIL
FAIL
2115
0 0
0 0
OK
FAIL
OK
2526
2 84598
FAIL
OK
FAIL
3775
3 114126510
FAIL
1230
FAIL
FAIL
FAIL
OK
FAIL
2990
FAIL
448 -473586276
0 0
FAIL
3032
FAIL
FAIL
FAIL
OK
448 -473586276
FAIL
OK
4 -23000258
4 -238615379
801
0 0
FAIL
FAIL
FAIL
OK
4242
FAIL
FAIL
FAIL
3 -743745256
109
FAIL
FAIL
9598
3 486450798
FAIL
FAIL
FAIL
FAIL
FAIL
1689
1 666019817
0 0
FAIL
FAIL
FAIL
2 -129575167
FAIL
1072
OK
1310
448 -473586276
3597
2659
1196
OK
OK
2184
3995
2038
FAIL
3048
FAIL
FAIL
FAIL
2288
FAIL
FAIL
FAIL
FAIL
0 0
OK
448 -473586276
2584
448 -473586276
0 0
FAIL
0 0
0 0
1942
FAIL
0 0
OK
FAIL
0 0
2032
0 0
FAIL
FAIL
FAIL
OK
91
OK
OK
0 0
FAIL
1 -504938352
2 351290656
FAIL
1615
OK
FAIL
0 0
FAIL
3322
0 0
1859
0 0
0 0
338
FAIL
448 -473586276
2686
FAIL
2583
OK
0 0
4273
1700
1817
OK
FAIL
448 -473586276
FAIL
FAIL
0 0
OK
FAIL
OK
0 0
FAIL
2 277229518
5 79873615
OK
FAIL
568
710
2436
0 0
FAIL
1077
FAIL
FAIL
492
OK
FAIL
1608
FAIL
FAIL
FAIL
3 -477981815
0 0
1747
4427
OK
FAIL
OK
0 0
2786
0 0
FAIL
FAIL
0 0
FAIL
FAIL
FAIL
FAIL
3688
OK
-1
FAIL
3524
1639
2496
FAIL
FAIL
2180
FAIL
OK
FAIL
0 0
2959
FAIL
2 245069667
FAIL
FAIL
1958
OK
FAIL
1954
OK
FAIL
0 0
0 0
3913
FAIL
FAIL
OK
FAIL
0 0
OK
5812
775
OK
0 0
4234
1982
FAIL
0 0
FAIL
2978
FAIL
0 0
4141
189
1810
1036
OK
FAIL
448 -473586276
FAIL
FAIL
FAIL
0 0
1 219344289
OK
1602
FAIL
0 0
1673
OK
0 0
FAIL
0 0
9738
FAIL
FAIL
0 0
FAIL
102
FAIL
OK
3 -352286678
FAIL
3105
3596
OK
FAIL
FAIL
FAIL
FAIL
3222
FAIL
2630
3154
0 0
0 0
FAIL
0 0
FAIL
375
169
FAIL
3153
FAIL
OK
FAIL
FAIL
2213
FAIL
1374
9186
FAIL
FAIL
FAIL
FAIL
FAIL
421
2950
7085
OK
7 499207271
FAIL
FAIL
3879
2785
FAIL
FAIL
9445
0 0
3 -748760213
FAIL
FAIL
6002
FAIL
3347
513
FAIL
0 0
FAIL
448 -473586276
OK
0 0
FAIL
FAIL
0 0
3293
FAIL
FAIL
3484
448 -473586276
448 -473586276
FAIL
1967
FAIL
899
FAIL
FAIL
2975
1852
OK
1610
OK
0 0
FAIL
FAIL
3093
0 0
FAIL
-1
0 0
OK
448 -473586276
2 119713926
FAIL
FAIL
FAIL
462
1060
FAIL
OK
OK
0 0
0 0
OK
448 -473586276
0 0
3 822803824
OK
7 185037636
OK
FAIL
2714
1714
FAIL
1911
0 0
0 0
FAIL
FAIL
0 0
FAIL
0 0
2228
3274
FAIL
FAIL
FAIL
OK
448 -473586276
FAIL
2077
FAIL
0 0
OK
FAIL
-1
OK
FAIL
FAIL
OK
OK
FAIL
FAIL
FAIL
FAIL
2 64824162
FAIL
FAIL
FAIL
FAIL
FAIL
OK
FAIL
OK
0 0
2361
FAIL
FAIL
2281
0 0
2086
FAIL
3308
4083
0 0
3148
3 822803824
0 0
OK
0 0
6639
0 0
FAIL
OK
3763
FAIL
642
9 -93286928
448 -473586276
FAIL
FAIL
OK
1 53295195
FAIL
1 666019817
3 -823693511
FAIL
1106
OK
FAIL
OK
3 822803824
999
FAIL
448 -473586276
FAIL
FAIL
0 0
FAIL
3 822803824
0 0
FAIL
3609
FAIL
0 0
448 -473586276
5 -193074985
0 0
448 -473586276
FAIL
FAIL
OK
2 64824162
FAIL
FAIL
OK
FAIL
0 0
0 0
FAIL
0 0
FAIL
FAIL
FAIL
FAIL
FAIL
0 0
FAIL
FAIL
OK
FAIL
9184
FAIL
4792
FAIL
0 0
OK
FAIL
OK
649
852
3343
FAIL
1207
969
FAIL
OK
2579
1653
937
FAIL
FAIL
FAIL
FAIL
1837
0 0
FAIL
FAIL
0 0
0 0
2236
2 64824162
FAIL
OK
OK
FAIL
2 64824162
FAIL
OK
174
448 -473586276
FAIL
FAIL
FAIL
FAIL
FAIL
FAIL
2381
FAIL
448 -473586276
0 0
3971
FAIL
1379
FAIL
OK
448 -473586276
0 0
FAIL
FAIL
1 -235419452
0 0
OK
3 822803824
OK
FAIL
2578
FAIL
448 -473586276
1368
197
OK
3 822803824
1714
FAIL
FAIL
FAIL
0 0
FAIL
2 64824162
3 822803824
FAIL
OK
1411
0 0
0 0
2202
0 0
0 0
0 0
199
3328
FAIL
1601
FAIL
393
0 0
107
FAIL
FAIL
3 475457851
FAIL
FAIL
FAIL
0 0
FAIL
FAIL
OK
FAIL
FAIL
3737
0 0
3 822803824
OK
FAIL
FAIL
FAIL
448 -473586276
FAIL
FAIL
0 0
OK
FAIL
FAIL
4607
OK
3587
FAIL
FAIL
FAIL
FAIL
FAIL
1 -504610395
FAIL
448 -473586276
1 666019817
30
FAIL
3598
FAIL
448 -473586276
OK
FAIL
2 -155766016
FAIL
OK
0 0
FAIL
FAIL
3076
FAIL
OK
448 -473586276
0 0
FAIL
2022
OK
FAIL
FAIL
FAIL
1093
FAIL
1250
OK
OK
448 -473586276
FAIL
2051
FAIL
448 -473586276
FAIL
FAIL
3167
3272
0 0
OK
FAIL
OK
FAIL
332
OK
OK
448 -473586276
FAIL
FAIL
OK
2 -127213927
0 0
3057
105
FAIL
FAIL
448 -473586276
1 -504938352
FAIL
FAIL
FAIL
FAIL
FAIL
0 0
6373
FAIL
FAIL
0 0
FAIL
6695
448 -473586276
FAIL
OK
10 96688760
51
OK
OK
FAIL
FAIL
3129
0 0
723
3764
OK
FAIL
FAIL
1156
OK
2881
OK
OK
7 432046040
-1
945
FAIL
3636
0 0
OK
FAIL
3555
2 119713926
0 0
0 0
4975
1934 -204818985
1935
OK
448 -473586276
0 0
OK
3631
FAIL
FAIL
FAIL
0 0
0 0
2496
1694
31
FAIL
3310
2239
OK
2283
FAIL
1642
FAIL
1 64322572
OK
FAIL
FAIL
OK
0 0
OK
3384
FAIL
FAIL
FAIL
0 0
1796
FAIL
FAIL
FAIL
0 0
3887
FAIL
2387
0 0
-1
0 0
6 -60091522
82
2809
OK
3 822803824
0 0
448 -473586276
FAIL
0 0
OK
3796
FAIL
8929
8 206931815
3281
9488
OK
FAIL
3474
OK
154
2067
FAIL
448 -473586276
FAIL
OK
FAIL
3181
FAIL
0 0
OK
6350
FAIL
637
FAIL
FAIL
1 -66965338
FAIL
2044
0 0
0 0
FAIL
FAIL
FAIL
3138
FAIL
2184
448 -473586276
905
FAIL
0 0
FAIL
FAIL
OK
3 822803824
0 0
FAIL
616
3922
4112
2347
3161
FAIL
FAIL
FAIL
1436
OK
OK
OK
2143
OK
FAIL
3107
FAIL
3 822803824
1899
448 -473586276
448 -473586276
FAIL
FAIL
3364
FAIL
OK
FAIL
FAIL
OK
FAIL
0 0
0 0
1990
FAIL
2992
0 0
FAIL
FAIL
OK
0 0
FAIL
6157
FAIL
4124
OK
FAIL
FAIL
OK
FAIL
FAIL
1 385790850
3034
0 0
1047
OK
FAIL
5 428501868
8 101379909
OK
2016
FAIL
1985
FAIL
OK
752 33235171
3 -137051675
0 0
FAIL
FAIL
2902
744
FAIL
1918
OK
1121 189563562
2766
1314
4486
820
FAIL
FAIL
FAIL
2 389209529
933
4928
-1
1 53295195
728
FAIL
0 0
2 -213729561
FAIL
FAIL
1690 -491390992
FAIL
OK
FAIL
FAIL
FAIL
FAIL
0 0
OK
0 0
FAIL
375
1690 -491390992
3 822803824
OK
0 0
448 -473586276
FAIL
0 0
FAIL
OK
FAIL
1315
144
FAIL
FAIL
FAIL
4711
2813
FAIL
FAIL
3 822803824
1 -389720840
OK
448 -473586276
2387
0 0
FAIL
FAIL
0 0
1857
7 432046040
1779
148
FAIL
FAIL
FAIL
2625
FAIL
2124
448 -473586276
FAIL
FAIL
FAIL
FAIL
1417
299
1143
FAIL
FAIL
FAIL
FAIL
1750
3427
0 0
2 -213729561
2651
FAIL
448 -473586276
OK
1 666019817
0 0
0 0
