1785
5741
10423
24915
1647
2154
1872
8559
12936
60048
52916
79974
61897
50541
16819
15646
48044
30156
14581
6906
17346
45805
25217
29837
44539
12602
5964
16894
23972
30665
64047
28029
26086
89745
49102
40236
2297
6040
64456
57625
48151
8311
27574
4166
52887
37703
4922
17603
17729
357 71
35915
52458
54055
44140
70298
39690
49407
48808
4775
55131
9378
2839
75644
58663
40660
29344
38759
31862
51760
7924
22539
22003
31095
86980
25718
61094
18995
13703
56434
35626
18678
22776
82576
3233
24072
76470
23887
28161
26150
2017
19769
31420
63547
31533
24513
20199
62729
39286
43276
6109